<?xml version="1.0" encoding="UTF-8"?>
<!-- Generated by org.testng.reporters.JUnitXMLReporter -->
<testsuite ignored="6" hostname="TYSS-Lakshmi" failures="5" tests="5" name="TestRunner-Firefox" time="115.121" errors="0" timestamp="2024-06-12T07:47:29 IST">
  <testcase classname="com.VTiger.CRM.TestNgUsageTest.CreateContactafterDeleteContactTest" name="createContactAndDelete" time="5.807">
    <failure type="java.lang.RuntimeException" message="This is not a Contact Page">
      <![CDATA[java.lang.RuntimeException: This is not a Contact Page
at com.VTiger.CRM.TestNgUsageTest.CreateContactafterDeleteContactTest.createContactAndDelete(CreateContactafterDeleteContactTest.java:63)
at java.base/java.util.ArrayList.forEach(ArrayList.java:1511)
at java.base/java.util.concurrent.FutureTask.run(FutureTask.java:264)
at java.base/java.util.concurrent.ThreadPoolExecutor.runWorker(ThreadPoolExecutor.java:1136)
at java.base/java.util.concurrent.ThreadPoolExecutor$Worker.run(ThreadPoolExecutor.java:635)
at java.base/java.lang.Thread.run(Thread.java:833)
... Removed 17 stack frames]]>
    </failure>
  </testcase> <!-- createContactAndDelete -->
  <testcase classname="com.VTiger.CRM.TestNgUsageTest.Create_and_Delete_OrganizationTest" name="createOrg" time="6.508">
    <failure type="java.lang.RuntimeException" message="This is not a %s Page">
      <![CDATA[java.lang.RuntimeException: This is not a %s Page
at com.VTiger.CRM.TestNgUsageTest.Create_and_Delete_OrganizationTest.createOrg(Create_and_Delete_OrganizationTest.java:55)
at java.base/java.util.ArrayList.forEach(ArrayList.java:1511)
at java.base/java.util.concurrent.FutureTask.run(FutureTask.java:264)
at java.base/java.util.concurrent.ThreadPoolExecutor.runWorker(ThreadPoolExecutor.java:1136)
at java.base/java.util.concurrent.ThreadPoolExecutor$Worker.run(ThreadPoolExecutor.java:635)
at java.base/java.lang.Thread.run(Thread.java:833)
... Removed 17 stack frames]]>
    </failure>
  </testcase> <!-- createOrg -->
  <testcase classname="com.VTiger.CRM.TestNgUsageTest.Create_and_Delete_OrganizationTest" name="createOrgandDelete" time="5.594">
    <failure type="java.lang.RuntimeException" message="This is not a %s Page">
      <![CDATA[java.lang.RuntimeException: This is not a %s Page
at com.VTiger.CRM.TestNgUsageTest.Create_and_Delete_OrganizationTest.createOrgandDelete(Create_and_Delete_OrganizationTest.java:130)
at java.base/java.util.ArrayList.forEach(ArrayList.java:1511)
at java.base/java.util.concurrent.FutureTask.run(FutureTask.java:264)
at java.base/java.util.concurrent.ThreadPoolExecutor.runWorker(ThreadPoolExecutor.java:1136)
at java.base/java.util.concurrent.ThreadPoolExecutor$Worker.run(ThreadPoolExecutor.java:635)
at java.base/java.lang.Thread.run(Thread.java:833)
... Removed 17 stack frames]]>
    </failure>
  </testcase> <!-- createOrgandDelete -->
  <testcase classname="com.VTiger.CRM.TestNgUsageTest.CreateContactsTest" name="createContact" time="6.138">
    <failure type="java.lang.RuntimeException" message="This is not a Contact Page">
      <![CDATA[java.lang.RuntimeException: This is not a Contact Page
at com.VTiger.CRM.TestNgUsageTest.CreateContactsTest.createContact(CreateContactsTest.java:56)
at java.base/java.util.ArrayList.forEach(ArrayList.java:1511)
at java.base/java.util.concurrent.FutureTask.run(FutureTask.java:264)
at java.base/java.util.concurrent.ThreadPoolExecutor.runWorker(ThreadPoolExecutor.java:1136)
at java.base/java.util.concurrent.ThreadPoolExecutor$Worker.run(ThreadPoolExecutor.java:635)
at java.base/java.lang.Thread.run(Thread.java:833)
... Removed 17 stack frames]]>
    </failure>
  </testcase> <!-- createContact -->
  <testcase classname="com.VTiger.CRM.TestNgUsageTest.CreatingContactsBySelectingOrganizationTest" name="createContactWithOrg" time="6.193">
    <failure type="java.lang.RuntimeException" message="This is not a %s Page">
      <![CDATA[java.lang.RuntimeException: This is not a %s Page
at com.VTiger.CRM.TestNgUsageTest.CreatingContactsBySelectingOrganizationTest.createContactWithOrg(CreatingContactsBySelectingOrganizationTest.java:63)
at java.base/java.util.ArrayList.forEach(ArrayList.java:1511)
at java.base/java.util.concurrent.FutureTask.run(FutureTask.java:264)
at java.base/java.util.concurrent.ThreadPoolExecutor.runWorker(ThreadPoolExecutor.java:1136)
at java.base/java.util.concurrent.ThreadPoolExecutor$Worker.run(ThreadPoolExecutor.java:635)
at java.base/java.lang.Thread.run(Thread.java:833)
... Removed 17 stack frames]]>
    </failure>
  </testcase> <!-- createContactWithOrg -->
  <testcase classname="baseClassTestng.BaseClassTestNg" name="@BeforeSuite BeforeSuite" time="0.0">
    <ignored/>
  </testcase> <!-- @BeforeSuite BeforeSuite -->
  <testcase classname="baseClassTestng.BaseClassTestNg" name="@AfterSuite AfterSuite" time="0.0">
    <ignored/>
  </testcase> <!-- @AfterSuite AfterSuite -->
  <testcase classname="baseClassTestng.BaseClassTestNg" name="@AfterSuite AfterSuite" time="0.0">
    <ignored/>
  </testcase> <!-- @AfterSuite AfterSuite -->
  <testcase classname="baseClassTestng.BaseClassTestNg" name="@BeforeSuite BeforeSuite" time="0.0">
    <ignored/>
  </testcase> <!-- @BeforeSuite BeforeSuite -->
  <testcase classname="baseClassTestng.BaseClassTestNg" name="@AfterSuite AfterSuite" time="0.0">
    <ignored/>
  </testcase> <!-- @AfterSuite AfterSuite -->
  <testcase classname="baseClassTestng.BaseClassTestNg" name="@BeforeSuite BeforeSuite" time="0.0">
    <ignored/>
  </testcase> <!-- @BeforeSuite BeforeSuite -->
</testsuite> <!-- TestRunner-Firefox -->
